• turbo 2.9.6

   • Packages in scope: @stashinn/partner
   • Running build in 1 packages
   • Remote caching disabled

@stashinn/partner:build: cache miss, executing de34d952bf8e636e
@stashinn/partner:build: 
@stashinn/partner:build: > @stashinn/partner@0.1.0 build
@stashinn/partner:build: > next build
@stashinn/partner:build: 
@stashinn/partner:build: ⚠ Invalid next.config.js options detected: 
@stashinn/partner:build: ⚠     Unrecognized key(s) in object: 'serverActions'
@stashinn/partner:build: ⚠ See more info here: https://nextjs.org/docs/messages/invalid-next-config
@stashinn/partner:build: ▲ Next.js 16.2.0 (Turbopack)
@stashinn/partner:build: - Environments: .env.local
@stashinn/partner:build: - Experiments (use with caution):
@stashinn/partner:build:   · serverActions
@stashinn/partner:build: 
@stashinn/partner:build: ⚠ The "middleware" file convention is deprecated. Please use "proxy" instead. Learn more: https://nextjs.org/docs/messages/middleware-to-proxy
@stashinn/partner:build:   Creating an optimized production build ...
@stashinn/partner:build: ✓ Compiled successfully in 4.2s
@stashinn/partner:build:   Running TypeScript ...
@stashinn/partner:build: Failed to type check.
@stashinn/partner:build: 
@stashinn/partner:build: ./app/dashboard/bookings/OTPTerminal.tsx:46:17
@stashinn/partner:build: Type error: Type '(formData: FormData) => Promise<{ error: string; success?: undefined; } | { success: boolean; error?: undefined; }>' is not assignable to type 'string | ((formData: FormData) => void | Promise<void>) | undefined'.
@stashinn/partner:build:   Type '(formData: FormData) => Promise<{ error: string; success?: undefined; } | { success: boolean; error?: undefined; }>' is not assignable to type '(formData: FormData) => void | Promise<void>'.
@stashinn/partner:build:     Type 'Promise<{ error: string; success?: undefined; } | { success: boolean; error?: undefined; }>' is not assignable to type 'void | Promise<void>'.
@stashinn/partner:build:       Type 'Promise<{ error: string; success?: undefined; } | { success: boolean; error?: undefined; }>' is not assignable to type 'Promise<void>'.
@stashinn/partner:build:         Type '{ error: string; success?: undefined; } | { success: boolean; error?: undefined; }' is not assignable to type 'void'.
@stashinn/partner:build:           Type '{ error: string; success?: undefined; }' is not assignable to type 'void'.
@stashinn/partner:build: 
@stashinn/partner:build:   [90m44 |[0m         
@stashinn/partner:build:   [90m45 |[0m         <div className=[32m"flex gap-3"[0m>
@stashinn/partner:build: [31m[1m>[0m [90m46 |[0m           <form action={acceptBooking} className=[32m"flex-1"[0m>
@stashinn/partner:build:   [90m   |[0m                 [31m[1m^[0m
@stashinn/partner:build:   [90m47 |[0m             <input [36mtype[0m=[32m"hidden"[0m name=[32m"booking_id"[0m value={booking.id} />
@stashinn/partner:build:   [90m48 |[0m             <button [36mtype[0m=[32m"submit"[0m className=[32m"w-full py-3 bg-gray-900 text-white font-bold ...[0m
@stashinn/partner:build:   [90m49 |[0m               [33mAccept[0m
@stashinn/partner:build: Next.js build worker exited with code: 1 and signal: null
@stashinn/partner:build: npm error Lifecycle script `build` failed with error:
@stashinn/partner:build: npm error code 1
@stashinn/partner:build: npm error path D:\stashinn\stashinn-portal\apps\partner
@stashinn/partner:build: npm error workspace @stashinn/partner@0.1.0
@stashinn/partner:build: npm error location D:\stashinn\stashinn-portal\apps\partner
@stashinn/partner:build: npm error command failed
@stashinn/partner:build: npm error command C:\WINDOWS\system32\cmd.exe /d /s /c next build
 ERROR  @stashinn/partner#build: command (D:\stashinn\stashinn-portal\apps\partner) C:\Program Files\nodejs\npm.cmd run build exited (1)

 Tasks:    0 successful, 1 total
Cached:    0 cached, 1 total
  Time:    9.664s 
Failed:    @stashinn/partner#build

 ERROR  run failed: command  exited (1)
